<?xml version="1.0" encoding="UTF-8"?>
<testsuite name="com.gdsanadev.springdatajpaexample.repository.GuestBookRepositoryTests" tests="1" skipped="0" failures="0" errors="0" timestamp="2022-06-06T13:51:27" hostname="goddessanaui-MacBookAir.local" time="0.41">
  <properties/>
  <testcase name="testPagination()" classname="com.gdsanadev.springdatajpaexample.repository.GuestBookRepositoryTests" time="0.41"/>
  <system-out><![CDATA[22:51:15.827 [Test worker] DEBUG org.springframework.test.context.BootstrapUtils - Instantiating CacheAwareContextLoaderDelegate from class [org.springframework.test.context.cache.DefaultCacheAwareContextLoaderDelegate]
22:51:15.835 [Test worker] DEBUG org.springframework.test.context.BootstrapUtils - Instantiating BootstrapContext using constructor [public org.springframework.test.context.support.DefaultBootstrapContext(java.lang.Class,org.springframework.test.context.CacheAwareContextLoaderDelegate)]
22:51:15.875 [Test worker] DEBUG org.springframework.test.context.BootstrapUtils - Instantiating TestContextBootstrapper for test class [com.gdsanadev.springdatajpaexample.repository.GuestBookRepositoryTests] from class [org.springframework.boot.test.context.SpringBootTestContextBootstrapper]
22:51:15.886 [Test worker] INFO org.springframework.boot.test.context.SpringBootTestContextBootstrapper - Neither @ContextConfiguration nor @ContextHierarchy found for test class [com.gdsanadev.springdatajpaexample.repository.GuestBookRepositoryTests], using SpringBootContextLoader
22:51:15.889 [Test worker] DEBUG org.springframework.test.context.support.AbstractContextLoader - Did not detect default resource location for test class [com.gdsanadev.springdatajpaexample.repository.GuestBookRepositoryTests]: class path resource [com/gdsanadev/springdatajpaexample/repository/GuestBookRepositoryTests-context.xml] does not exist
22:51:15.891 [Test worker] DEBUG org.springframework.test.context.support.AbstractContextLoader - Did not detect default resource location for test class [com.gdsanadev.springdatajpaexample.repository.GuestBookRepositoryTests]: class path resource [com/gdsanadev/springdatajpaexample/repository/GuestBookRepositoryTestsContext.groovy] does not exist
22:51:15.892 [Test worker] INFO org.springframework.test.context.support.AbstractContextLoader - Could not detect default resource locations for test class [com.gdsanadev.springdatajpaexample.repository.GuestBookRepositoryTests]: no resource found for suffixes {-context.xml, Context.groovy}.
22:51:15.892 [Test worker] INFO org.springframework.test.context.support.AnnotationConfigContextLoaderUtils - Could not detect default configuration classes for test class [com.gdsanadev.springdatajpaexample.repository.GuestBookRepositoryTests]: GuestBookRepositoryTests does not declare any static, non-private, non-final, nested classes annotated with @Configuration.
22:51:15.955 [Test worker] DEBUG org.springframework.test.context.support.ActiveProfilesUtils - Could not find an 'annotation declaring class' for annotation type [org.springframework.test.context.ActiveProfiles] and class [com.gdsanadev.springdatajpaexample.repository.GuestBookRepositoryTests]
22:51:16.022 [Test worker] DEBUG org.springframework.context.annotation.ClassPathScanningCandidateComponentProvider - Identified candidate component class: file [/Users/goddessana/Development/JavaProjects/spring/springdatajpaexample/build/classes/java/main/com/gdsanadev/springdatajpaexample/SpringdatajpaexampleApplication.class]
22:51:16.024 [Test worker] INFO org.springframework.boot.test.context.SpringBootTestContextBootstrapper - Found @SpringBootConfiguration com.gdsanadev.springdatajpaexample.SpringdatajpaexampleApplication for test class com.gdsanadev.springdatajpaexample.repository.GuestBookRepositoryTests
22:51:16.122 [Test worker] DEBUG org.springframework.boot.test.context.SpringBootTestContextBootstrapper - @TestExecutionListeners is not present for class [com.gdsanadev.springdatajpaexample.repository.GuestBookRepositoryTests]: using defaults.
22:51:16.123 [Test worker] INFO org.springframework.boot.test.context.SpringBootTestContextBootstrapper - Loaded default TestExecutionListener class names from location [META-INF/spring.factories]: [org.springframework.boot.test.autoconfigure.restdocs.RestDocsTestExecutionListener, org.springframework.boot.test.autoconfigure.web.client.MockRestServiceServerResetTestExecutionListener, org.springframework.boot.test.autoconfigure.web.servlet.MockMvcPrintOnlyOnFailureTestExecutionListener, org.springframework.boot.test.autoconfigure.web.servlet.WebDriverTestExecutionListener, org.springframework.boot.test.autoconfigure.webservices.client.MockWebServiceServerTestExecutionListener, org.springframework.boot.test.mock.mockito.MockitoTestExecutionListener, org.springframework.boot.test.mock.mockito.ResetMocksTestExecutionListener, org.springframework.test.context.web.ServletTestExecutionListener, org.springframework.test.context.support.DirtiesContextBeforeModesTestExecutionListener, org.springframework.test.context.event.ApplicationEventsTestExecutionListener, org.springframework.test.context.support.DependencyInjectionTestExecutionListener, org.springframework.test.context.support.DirtiesContextTestExecutionListener, org.springframework.test.context.transaction.TransactionalTestExecutionListener, org.springframework.test.context.jdbc.SqlScriptsTestExecutionListener, org.springframework.test.context.event.EventPublishingTestExecutionListener]
22:51:16.134 [Test worker] INFO org.springframework.boot.test.context.SpringBootTestContextBootstrapper - Using TestExecutionListeners: [org.springframework.test.context.web.ServletTestExecutionListener@30c31dd7, org.springframework.test.context.support.DirtiesContextBeforeModesTestExecutionListener@499b2a5c, org.springframework.test.context.event.ApplicationEventsTestExecutionListener@596df867, org.springframework.boot.test.mock.mockito.MockitoTestExecutionListener@c1fca1e, org.springframework.boot.test.autoconfigure.SpringBootDependencyInjectionTestExecutionListener@241a53ef, org.springframework.test.context.support.DirtiesContextTestExecutionListener@344344fa, org.springframework.test.context.transaction.TransactionalTestExecutionListener@2db2cd5, org.springframework.test.context.jdbc.SqlScriptsTestExecutionListener@70e659aa, org.springframework.test.context.event.EventPublishingTestExecutionListener@615f972, org.springframework.boot.test.autoconfigure.restdocs.RestDocsTestExecutionListener@285f09de, org.springframework.boot.test.autoconfigure.web.client.MockRestServiceServerResetTestExecutionListener@73393584, org.springframework.boot.test.autoconfigure.web.servlet.MockMvcPrintOnlyOnFailureTestExecutionListener@31500940, org.springframework.boot.test.autoconfigure.web.servlet.WebDriverTestExecutionListener@1827a871, org.springframework.boot.test.autoconfigure.webservices.client.MockWebServiceServerTestExecutionListener@48e64352, org.springframework.boot.test.mock.mockito.ResetMocksTestExecutionListener@7249dadf]
22:51:16.137 [Test worker] DEBUG org.springframework.test.context.support.AbstractDirtiesContextTestExecutionListener - Before test class: context [DefaultTestContext@77b7ffa4 testClass = GuestBookRepositoryTests, testInstance = [null], testMethod = [null], testException = [null], mergedContextConfiguration = [WebMergedContextConfiguration@5ed190be testClass = GuestBookRepositoryTests, locations = '{}', classes = '{class com.gdsanadev.springdatajpaexample.SpringdatajpaexampleApplication}', contextInitializerClasses = '[]', activeProfiles = '{}', propertySourceLocations = '{}', propertySourceProperties = '{org.springframework.boot.test.context.SpringBootTestContextBootstrapper=true}', contextCustomizers = set[org.springframework.boot.test.autoconfigure.actuate.metrics.MetricsExportContextCustomizerFactory$DisableMetricExportContextCustomizer@33aeca0b, org.springframework.boot.test.autoconfigure.properties.PropertyMappingContextCustomizer@0, org.springframework.boot.test.autoconfigure.web.servlet.WebDriverContextCustomizerFactory$Customizer@774698ab, org.springframework.boot.test.context.filter.ExcludeFilterContextCustomizer@45905bff, org.springframework.boot.test.json.DuplicateJsonObjectContextCustomizerFactory$DuplicateJsonObjectContextCustomizer@66b7550d, org.springframework.boot.test.mock.mockito.MockitoContextCustomizer@0, org.springframework.boot.test.web.client.TestRestTemplateContextCustomizer@77a98a6a, org.springframework.boot.test.context.SpringBootTestArgs@1, org.springframework.boot.test.context.SpringBootTestWebEnvironment@642a7222], resourceBasePath = 'src/main/webapp', contextLoader = 'org.springframework.boot.test.context.SpringBootContextLoader', parent = [null]], attributes = map['org.springframework.test.context.web.ServletTestExecutionListener.activateListener' -> true]], class annotated with @DirtiesContext [false] with mode [null].

  .   ____          _            __ _ _
 /\\ / ___'_ __ _ _(_)_ __  __ _ \ \ \ \
( ( )\___ | '_ | '_| | '_ \/ _` | \ \ \ \
 \\/  ___)| |_)| | | | | || (_| |  ) ) ) )
  '  |____| .__|_| |_|_| |_\__, | / / / /
 =========|_|==============|___/=/_/_/_/
 :: Spring Boot ::                (v2.7.0)

2022-06-06 22:51:21.789  INFO 1606 --- [    Test worker] c.g.s.r.GuestBookRepositoryTests         : Starting GuestBookRepositoryTests using Java 11.0.14.1 on goddessanaui-MacBookAir.local with PID 1606 (started by goddessana in /Users/goddessana/Development/JavaProjects/spring/springdatajpaexample)
2022-06-06 22:51:21.792  INFO 1606 --- [    Test worker] c.g.s.r.GuestBookRepositoryTests         : No active profile set, falling back to 1 default profile: "default"
2022-06-06 22:51:23.162  INFO 1606 --- [    Test worker] .s.d.r.c.RepositoryConfigurationDelegate : Bootstrapping Spring Data JPA repositories in DEFAULT mode.
2022-06-06 22:51:23.233  INFO 1606 --- [    Test worker] .s.d.r.c.RepositoryConfigurationDelegate : Finished Spring Data repository scanning in 61 ms. Found 1 JPA repository interfaces.
2022-06-06 22:51:24.396  INFO 1606 --- [    Test worker] o.hibernate.jpa.internal.util.LogHelper  : HHH000204: Processing PersistenceUnitInfo [name: default]
2022-06-06 22:51:24.444  INFO 1606 --- [    Test worker] org.hibernate.Version                    : HHH000412: Hibernate ORM core version 5.6.9.Final
2022-06-06 22:51:24.597  INFO 1606 --- [    Test worker] o.hibernate.annotations.common.Version   : HCANN000001: Hibernate Commons Annotations {5.1.2.Final}
2022-06-06 22:51:24.688  INFO 1606 --- [    Test worker] com.zaxxer.hikari.HikariDataSource       : HikariPool-1 - Starting...
2022-06-06 22:51:24.762  INFO 1606 --- [    Test worker] com.zaxxer.hikari.HikariDataSource       : HikariPool-1 - Start completed.
2022-06-06 22:51:24.790  INFO 1606 --- [    Test worker] org.hibernate.dialect.Dialect            : HHH000400: Using dialect: org.hibernate.dialect.MariaDB106Dialect
2022-06-06 22:51:25.325  INFO 1606 --- [    Test worker] o.h.e.t.j.p.i.JtaPlatformInitiator       : HHH000490: Using JtaPlatform implementation: [org.hibernate.engine.transaction.jta.platform.internal.NoJtaPlatform]
2022-06-06 22:51:25.335  INFO 1606 --- [    Test worker] j.LocalContainerEntityManagerFactoryBean : Initialized JPA EntityManagerFactory for persistence unit 'default'
2022-06-06 22:51:25.875  WARN 1606 --- [    Test worker] JpaBaseConfiguration$JpaWebConfiguration : spring.jpa.open-in-view is enabled by default. Therefore, database queries may be performed during view rendering. Explicitly configure spring.jpa.open-in-view to disable this warning
2022-06-06 22:51:27.390  INFO 1606 --- [    Test worker] c.g.s.r.GuestBookRepositoryTests         : Started GuestBookRepositoryTests in 11.126 seconds (JVM running for 12.692)
내림차순 정리 확인________________________________
Guestbook(gbk=100, guestBookMessage=퍼가요~100)
Guestbook(gbk=99, guestBookMessage=퍼가요~99)
Guestbook(gbk=98, guestBookMessage=퍼가요~98)
Guestbook(gbk=97, guestBookMessage=퍼가요~97)
Guestbook(gbk=96, guestBookMessage=퍼가요~96)
Guestbook(gbk=95, guestBookMessage=퍼가요~95)
Guestbook(gbk=94, guestBookMessage=퍼가요~94)
Guestbook(gbk=93, guestBookMessage=퍼가요~93)
Guestbook(gbk=92, guestBookMessage=퍼가요~92)
Guestbook(gbk=91, guestBookMessage=퍼가요~91)
오름차순 정리 확인________________________________
Guestbook(gbk=1, guestBookMessage=퍼가요~1)
Guestbook(gbk=2, guestBookMessage=퍼가요~2)
Guestbook(gbk=3, guestBookMessage=퍼가요~3)
Guestbook(gbk=4, guestBookMessage=퍼가요~4)
Guestbook(gbk=5, guestBookMessage=퍼가요~5)
Guestbook(gbk=6, guestBookMessage=퍼가요~6)
Guestbook(gbk=7, guestBookMessage=퍼가요~7)
Guestbook(gbk=8, guestBookMessage=퍼가요~8)
Guestbook(gbk=9, guestBookMessage=퍼가요~9)
Guestbook(gbk=10, guestBookMessage=퍼가요~10)
And로 연결된 정렬 처리 확인________________________________
Guestbook(gbk=1, guestBookMessage=퍼가요~1)
Guestbook(gbk=2, guestBookMessage=퍼가요~2)
Guestbook(gbk=3, guestBookMessage=퍼가요~3)
Guestbook(gbk=4, guestBookMessage=퍼가요~4)
Guestbook(gbk=5, guestBookMessage=퍼가요~5)
Guestbook(gbk=6, guestBookMessage=퍼가요~6)
Guestbook(gbk=7, guestBookMessage=퍼가요~7)
Guestbook(gbk=8, guestBookMessage=퍼가요~8)
Guestbook(gbk=9, guestBookMessage=퍼가요~9)
Guestbook(gbk=10, guestBookMessage=퍼가요~10)
]]></system-out>
  <system-err><![CDATA[]]></system-err>
</testsuite>
