<?xml version="1.0" encoding="UTF-8"?>
<testsuite name="com.gdsanadev.springdatajpaexample.repository.GuestBookRepositoryTests" tests="3" skipped="0" failures="0" errors="0" timestamp="2022-06-05T18:42:42" hostname="goddessanaui-MacBookAir.local" time="0.307">
  <properties/>
  <testcase name="testRead_by_findById()" classname="com.gdsanadev.springdatajpaexample.repository.GuestBookRepositoryTests" time="0.221"/>
  <testcase name="testRead_by_getOne()" classname="com.gdsanadev.springdatajpaexample.repository.GuestBookRepositoryTests" time="0.03"/>
  <testcase name="testUpdate()" classname="com.gdsanadev.springdatajpaexample.repository.GuestBookRepositoryTests" time="0.052"/>
  <system-out><![CDATA[03:42:31.737 [Test worker] DEBUG org.springframework.test.context.BootstrapUtils - Instantiating CacheAwareContextLoaderDelegate from class [org.springframework.test.context.cache.DefaultCacheAwareContextLoaderDelegate]
03:42:31.746 [Test worker] DEBUG org.springframework.test.context.BootstrapUtils - Instantiating BootstrapContext using constructor [public org.springframework.test.context.support.DefaultBootstrapContext(java.lang.Class,org.springframework.test.context.CacheAwareContextLoaderDelegate)]
03:42:31.786 [Test worker] DEBUG org.springframework.test.context.BootstrapUtils - Instantiating TestContextBootstrapper for test class [com.gdsanadev.springdatajpaexample.repository.GuestBookRepositoryTests] from class [org.springframework.boot.test.context.SpringBootTestContextBootstrapper]
03:42:31.803 [Test worker] INFO org.springframework.boot.test.context.SpringBootTestContextBootstrapper - Neither @ContextConfiguration nor @ContextHierarchy found for test class [com.gdsanadev.springdatajpaexample.repository.GuestBookRepositoryTests], using SpringBootContextLoader
03:42:31.807 [Test worker] DEBUG org.springframework.test.context.support.AbstractContextLoader - Did not detect default resource location for test class [com.gdsanadev.springdatajpaexample.repository.GuestBookRepositoryTests]: class path resource [com/gdsanadev/springdatajpaexample/repository/GuestBookRepositoryTests-context.xml] does not exist
03:42:31.809 [Test worker] DEBUG org.springframework.test.context.support.AbstractContextLoader - Did not detect default resource location for test class [com.gdsanadev.springdatajpaexample.repository.GuestBookRepositoryTests]: class path resource [com/gdsanadev/springdatajpaexample/repository/GuestBookRepositoryTestsContext.groovy] does not exist
03:42:31.809 [Test worker] INFO org.springframework.test.context.support.AbstractContextLoader - Could not detect default resource locations for test class [com.gdsanadev.springdatajpaexample.repository.GuestBookRepositoryTests]: no resource found for suffixes {-context.xml, Context.groovy}.
03:42:31.809 [Test worker] INFO org.springframework.test.context.support.AnnotationConfigContextLoaderUtils - Could not detect default configuration classes for test class [com.gdsanadev.springdatajpaexample.repository.GuestBookRepositoryTests]: GuestBookRepositoryTests does not declare any static, non-private, non-final, nested classes annotated with @Configuration.
03:42:31.861 [Test worker] DEBUG org.springframework.test.context.support.ActiveProfilesUtils - Could not find an 'annotation declaring class' for annotation type [org.springframework.test.context.ActiveProfiles] and class [com.gdsanadev.springdatajpaexample.repository.GuestBookRepositoryTests]
03:42:31.950 [Test worker] DEBUG org.springframework.context.annotation.ClassPathScanningCandidateComponentProvider - Identified candidate component class: file [/Users/goddessana/Development/JavaProjects/spring/springdatajpaexample/build/classes/java/main/com/gdsanadev/springdatajpaexample/SpringdatajpaexampleApplication.class]
03:42:31.952 [Test worker] INFO org.springframework.boot.test.context.SpringBootTestContextBootstrapper - Found @SpringBootConfiguration com.gdsanadev.springdatajpaexample.SpringdatajpaexampleApplication for test class com.gdsanadev.springdatajpaexample.repository.GuestBookRepositoryTests
03:42:32.065 [Test worker] DEBUG org.springframework.boot.test.context.SpringBootTestContextBootstrapper - @TestExecutionListeners is not present for class [com.gdsanadev.springdatajpaexample.repository.GuestBookRepositoryTests]: using defaults.
03:42:32.066 [Test worker] INFO org.springframework.boot.test.context.SpringBootTestContextBootstrapper - Loaded default TestExecutionListener class names from location [META-INF/spring.factories]: [org.springframework.boot.test.autoconfigure.restdocs.RestDocsTestExecutionListener, org.springframework.boot.test.autoconfigure.web.client.MockRestServiceServerResetTestExecutionListener, org.springframework.boot.test.autoconfigure.web.servlet.MockMvcPrintOnlyOnFailureTestExecutionListener, org.springframework.boot.test.autoconfigure.web.servlet.WebDriverTestExecutionListener, org.springframework.boot.test.autoconfigure.webservices.client.MockWebServiceServerTestExecutionListener, org.springframework.boot.test.mock.mockito.MockitoTestExecutionListener, org.springframework.boot.test.mock.mockito.ResetMocksTestExecutionListener, org.springframework.test.context.web.ServletTestExecutionListener, org.springframework.test.context.support.DirtiesContextBeforeModesTestExecutionListener, org.springframework.test.context.event.ApplicationEventsTestExecutionListener, org.springframework.test.context.support.DependencyInjectionTestExecutionListener, org.springframework.test.context.support.DirtiesContextTestExecutionListener, org.springframework.test.context.transaction.TransactionalTestExecutionListener, org.springframework.test.context.jdbc.SqlScriptsTestExecutionListener, org.springframework.test.context.event.EventPublishingTestExecutionListener]
03:42:32.078 [Test worker] INFO org.springframework.boot.test.context.SpringBootTestContextBootstrapper - Using TestExecutionListeners: [org.springframework.test.context.web.ServletTestExecutionListener@73393584, org.springframework.test.context.support.DirtiesContextBeforeModesTestExecutionListener@31500940, org.springframework.test.context.event.ApplicationEventsTestExecutionListener@1827a871, org.springframework.boot.test.mock.mockito.MockitoTestExecutionListener@48e64352, org.springframework.boot.test.autoconfigure.SpringBootDependencyInjectionTestExecutionListener@7249dadf, org.springframework.test.context.support.DirtiesContextTestExecutionListener@4362d7df, org.springframework.test.context.transaction.TransactionalTestExecutionListener@66238be2, org.springframework.test.context.jdbc.SqlScriptsTestExecutionListener@1c25b8a7, org.springframework.test.context.event.EventPublishingTestExecutionListener@200606de, org.springframework.boot.test.autoconfigure.restdocs.RestDocsTestExecutionListener@750fe12e, org.springframework.boot.test.autoconfigure.web.client.MockRestServiceServerResetTestExecutionListener@f8908f6, org.springframework.boot.test.autoconfigure.web.servlet.MockMvcPrintOnlyOnFailureTestExecutionListener@3e587920, org.springframework.boot.test.autoconfigure.web.servlet.WebDriverTestExecutionListener@2ef8a8c3, org.springframework.boot.test.autoconfigure.webservices.client.MockWebServiceServerTestExecutionListener@24f43aa3, org.springframework.boot.test.mock.mockito.ResetMocksTestExecutionListener@63fd4873]
03:42:32.081 [Test worker] DEBUG org.springframework.test.context.support.AbstractDirtiesContextTestExecutionListener - Before test class: context [DefaultTestContext@3d4d3fe7 testClass = GuestBookRepositoryTests, testInstance = [null], testMethod = [null], testException = [null], mergedContextConfiguration = [WebMergedContextConfiguration@65f87a2c testClass = GuestBookRepositoryTests, locations = '{}', classes = '{class com.gdsanadev.springdatajpaexample.SpringdatajpaexampleApplication}', contextInitializerClasses = '[]', activeProfiles = '{}', propertySourceLocations = '{}', propertySourceProperties = '{org.springframework.boot.test.context.SpringBootTestContextBootstrapper=true}', contextCustomizers = set[org.springframework.boot.test.autoconfigure.actuate.metrics.MetricsExportContextCustomizerFactory$DisableMetricExportContextCustomizer@1d0d6318, org.springframework.boot.test.autoconfigure.properties.PropertyMappingContextCustomizer@0, org.springframework.boot.test.autoconfigure.web.servlet.WebDriverContextCustomizerFactory$Customizer@4212a0c8, org.springframework.boot.test.context.filter.ExcludeFilterContextCustomizer@476b0ae6, org.springframework.boot.test.json.DuplicateJsonObjectContextCustomizerFactory$DuplicateJsonObjectContextCustomizer@17a87e37, org.springframework.boot.test.mock.mockito.MockitoContextCustomizer@0, org.springframework.boot.test.web.client.TestRestTemplateContextCustomizer@3e7634b9, org.springframework.boot.test.context.SpringBootTestArgs@1, org.springframework.boot.test.context.SpringBootTestWebEnvironment@5be1d0a4], resourceBasePath = 'src/main/webapp', contextLoader = 'org.springframework.boot.test.context.SpringBootContextLoader', parent = [null]], attributes = map['org.springframework.test.context.web.ServletTestExecutionListener.activateListener' -> true]], class annotated with @DirtiesContext [false] with mode [null].

  .   ____          _            __ _ _
 /\\ / ___'_ __ _ _(_)_ __  __ _ \ \ \ \
( ( )\___ | '_ | '_| | '_ \/ _` | \ \ \ \
 \\/  ___)| |_)| | | | | || (_| |  ) ) ) )
  '  |____| .__|_| |_|_| |_\__, | / / / /
 =========|_|==============|___/=/_/_/_/
 :: Spring Boot ::                (v2.7.0)

2022-06-06 03:42:37.701  INFO 2122 --- [    Test worker] c.g.s.r.GuestBookRepositoryTests         : Starting GuestBookRepositoryTests using Java 11.0.14.1 on goddessanaui-MacBookAir.local with PID 2122 (started by goddessana in /Users/goddessana/Development/JavaProjects/spring/springdatajpaexample)
2022-06-06 03:42:37.703  INFO 2122 --- [    Test worker] c.g.s.r.GuestBookRepositoryTests         : No active profile set, falling back to 1 default profile: "default"
2022-06-06 03:42:38.720  INFO 2122 --- [    Test worker] .s.d.r.c.RepositoryConfigurationDelegate : Bootstrapping Spring Data JPA repositories in DEFAULT mode.
2022-06-06 03:42:38.802  INFO 2122 --- [    Test worker] .s.d.r.c.RepositoryConfigurationDelegate : Finished Spring Data repository scanning in 75 ms. Found 1 JPA repository interfaces.
2022-06-06 03:42:39.811  INFO 2122 --- [    Test worker] o.hibernate.jpa.internal.util.LogHelper  : HHH000204: Processing PersistenceUnitInfo [name: default]
2022-06-06 03:42:39.858  INFO 2122 --- [    Test worker] org.hibernate.Version                    : HHH000412: Hibernate ORM core version 5.6.9.Final
2022-06-06 03:42:40.007  INFO 2122 --- [    Test worker] o.hibernate.annotations.common.Version   : HCANN000001: Hibernate Commons Annotations {5.1.2.Final}
2022-06-06 03:42:40.094  INFO 2122 --- [    Test worker] com.zaxxer.hikari.HikariDataSource       : HikariPool-1 - Starting...
2022-06-06 03:42:40.175  INFO 2122 --- [    Test worker] com.zaxxer.hikari.HikariDataSource       : HikariPool-1 - Start completed.
2022-06-06 03:42:40.201  INFO 2122 --- [    Test worker] org.hibernate.dialect.Dialect            : HHH000400: Using dialect: org.hibernate.dialect.MariaDB106Dialect
2022-06-06 03:42:40.695  INFO 2122 --- [    Test worker] o.h.e.t.j.p.i.JtaPlatformInitiator       : HHH000490: Using JtaPlatform implementation: [org.hibernate.engine.transaction.jta.platform.internal.NoJtaPlatform]
2022-06-06 03:42:40.703  INFO 2122 --- [    Test worker] j.LocalContainerEntityManagerFactoryBean : Initialized JPA EntityManagerFactory for persistence unit 'default'
2022-06-06 03:42:41.123  WARN 2122 --- [    Test worker] JpaBaseConfiguration$JpaWebConfiguration : spring.jpa.open-in-view is enabled by default. Therefore, database queries may be performed during view rendering. Explicitly configure spring.jpa.open-in-view to disable this warning
2022-06-06 03:42:42.421  INFO 2122 --- [    Test worker] c.g.s.r.GuestBookRepositoryTests         : Started GuestBookRepositoryTests in 10.205 seconds (JVM running for 11.839)
Hibernate: 
    select
        guestbook0_.gbk as gbk1_0_0_,
        guestbook0_.guest_book_message as guest_bo2_0_0_ 
    from
        table_guestbook guestbook0_ 
    where
        guestbook0_.gbk=?
READTEST1__________________________________________
Guestbook(gbk=9, guestBookMessage=퍼가요~9)
2022-06-06 03:42:42.699  INFO 2122 --- [    Test worker] o.s.t.c.transaction.TransactionContext   : Began transaction (1) for test context [DefaultTestContext@3d4d3fe7 testClass = GuestBookRepositoryTests, testInstance = com.gdsanadev.springdatajpaexample.repository.GuestBookRepositoryTests@63e648a0, testMethod = testRead_by_getOne@GuestBookRepositoryTests, testException = [null], mergedContextConfiguration = [WebMergedContextConfiguration@65f87a2c testClass = GuestBookRepositoryTests, locations = '{}', classes = '{class com.gdsanadev.springdatajpaexample.SpringdatajpaexampleApplication}', contextInitializerClasses = '[]', activeProfiles = '{}', propertySourceLocations = '{}', propertySourceProperties = '{org.springframework.boot.test.context.SpringBootTestContextBootstrapper=true}', contextCustomizers = set[org.springframework.boot.test.autoconfigure.actuate.metrics.MetricsExportContextCustomizerFactory$DisableMetricExportContextCustomizer@1d0d6318, org.springframework.boot.test.autoconfigure.properties.PropertyMappingContextCustomizer@0, org.springframework.boot.test.autoconfigure.web.servlet.WebDriverContextCustomizerFactory$Customizer@4212a0c8, org.springframework.boot.test.context.filter.ExcludeFilterContextCustomizer@476b0ae6, org.springframework.boot.test.json.DuplicateJsonObjectContextCustomizerFactory$DuplicateJsonObjectContextCustomizer@17a87e37, org.springframework.boot.test.mock.mockito.MockitoContextCustomizer@0, org.springframework.boot.test.web.client.TestRestTemplateContextCustomizer@3e7634b9, org.springframework.boot.test.context.SpringBootTestArgs@1, org.springframework.boot.test.context.SpringBootTestWebEnvironment@5be1d0a4], resourceBasePath = 'src/main/webapp', contextLoader = 'org.springframework.boot.test.context.SpringBootContextLoader', parent = [null]], attributes = map['org.springframework.test.context.web.ServletTestExecutionListener.activateListener' -> true, 'org.springframework.test.context.web.ServletTestExecutionListener.populatedRequestContextHolder' -> true, 'org.springframework.test.context.web.ServletTestExecutionListener.resetRequestContextHolder' -> true, 'org.springframework.test.context.event.ApplicationEventsTestExecutionListener.recordApplicationEvents' -> false]]; transaction manager [org.springframework.orm.jpa.JpaTransactionManager@3980b44f]; rollback [true]
READTEST2__________________________________________
Hibernate: 
    select
        guestbook0_.gbk as gbk1_0_0_,
        guestbook0_.guest_book_message as guest_bo2_0_0_ 
    from
        table_guestbook guestbook0_ 
    where
        guestbook0_.gbk=?
Guestbook(gbk=19, guestBookMessage=퍼가요~19)
2022-06-06 03:42:42.720  INFO 2122 --- [    Test worker] o.s.t.c.transaction.TransactionContext   : Rolled back transaction for test: [DefaultTestContext@3d4d3fe7 testClass = GuestBookRepositoryTests, testInstance = com.gdsanadev.springdatajpaexample.repository.GuestBookRepositoryTests@63e648a0, testMethod = testRead_by_getOne@GuestBookRepositoryTests, testException = [null], mergedContextConfiguration = [WebMergedContextConfiguration@65f87a2c testClass = GuestBookRepositoryTests, locations = '{}', classes = '{class com.gdsanadev.springdatajpaexample.SpringdatajpaexampleApplication}', contextInitializerClasses = '[]', activeProfiles = '{}', propertySourceLocations = '{}', propertySourceProperties = '{org.springframework.boot.test.context.SpringBootTestContextBootstrapper=true}', contextCustomizers = set[org.springframework.boot.test.autoconfigure.actuate.metrics.MetricsExportContextCustomizerFactory$DisableMetricExportContextCustomizer@1d0d6318, org.springframework.boot.test.autoconfigure.properties.PropertyMappingContextCustomizer@0, org.springframework.boot.test.autoconfigure.web.servlet.WebDriverContextCustomizerFactory$Customizer@4212a0c8, org.springframework.boot.test.context.filter.ExcludeFilterContextCustomizer@476b0ae6, org.springframework.boot.test.json.DuplicateJsonObjectContextCustomizerFactory$DuplicateJsonObjectContextCustomizer@17a87e37, org.springframework.boot.test.mock.mockito.MockitoContextCustomizer@0, org.springframework.boot.test.web.client.TestRestTemplateContextCustomizer@3e7634b9, org.springframework.boot.test.context.SpringBootTestArgs@1, org.springframework.boot.test.context.SpringBootTestWebEnvironment@5be1d0a4], resourceBasePath = 'src/main/webapp', contextLoader = 'org.springframework.boot.test.context.SpringBootContextLoader', parent = [null]], attributes = map['org.springframework.test.context.web.ServletTestExecutionListener.activateListener' -> true, 'org.springframework.test.context.web.ServletTestExecutionListener.populatedRequestContextHolder' -> true, 'org.springframework.test.context.web.ServletTestExecutionListener.resetRequestContextHolder' -> true, 'org.springframework.test.context.event.ApplicationEventsTestExecutionListener.recordApplicationEvents' -> false]]
Hibernate: 
    select
        guestbook0_.gbk as gbk1_0_0_,
        guestbook0_.guest_book_message as guest_bo2_0_0_ 
    from
        table_guestbook guestbook0_ 
    where
        guestbook0_.gbk=?
Guestbook(gbk=29, guestBookMessage=Updated 29th message!)
]]></system-out>
  <system-err><![CDATA[]]></system-err>
</testsuite>
